This is LuaTeX, Version 1.0.4 (TeX Live 2017)  (format=lualatex 2018.3.15)  14 APR 2018 23:41
 restricted system commands enabled.
 file:line:error style messages enabled.
**ampli-classe-d.tex
(./ampli-classe-d.tex
LaTeX2e <2017-04-15>
Lua module: luaotfload-main 2017/01/29 2.80001 OpenType layout system.
Lua module: lualibs 2017-02-01 2.5 ConTeXt Lua standard libraries.
Lua module: lualibs-extended 2017-02-01 2.5 ConTeXt Lua libraries -- extended co
llection.(using write cache: /Users/AnizetThomas/Library/texlive/2017/texmf-var/
luatex-cache/generic)(using read cache: /usr/local/texlive/2017/texmf-var/luatex
-cache/generic /Users/AnizetThomas/Library/texlive/2017/texmf-var/luatex-cache/g
eneric)
luaotfload | conf : Root cache directory is /Users/AnizetThomas/Library/texlive/
2017/texmf-var/luatex-cache/generic/names.
luaotfload | init : Loading fontloader “fontloader-2017-02-11.lua” from kpse
-resolved path “/usr/local/texlive/2017/texmf-dist/tex/luatex/luaotfload/fontl
oader-2017-02-11.lua”.
Lua-only attribute luaotfload@state = 1
Lua-only attribute luaotfload@noligature = 2
Lua-only attribute luaotfload@syllabe = 3
luaotfload | init : Context OpenType loader version “3.027”
Inserting `luaotfload.node_processor' at position 1 in `pre_linebreak_filter'.
Inserting `luaotfload.node_processor' at position 1 in `hpack_filter'.
Inserting `luaotfload.define_font' at position 1 in `define_font'.
Lua-only attribute luaotfload_color_attribute = 4
luaotfload | conf : Root cache directory is /Users/AnizetThomas/Library/texlive/
2017/texmf-var/luatex-cache/generic/names.
Inserting `luaotfload.aux.set_sscale_dimens' at position 1 in `luaotfload.patch_
font'.
Inserting `luaotfload.aux.patch_cambria_domh' at position 2 in `luaotfload.patch
_font'.
Inserting `luaotfload.aux.fixup_fontdata' at position 1 in `luaotfload.patch_fon
t_unsafe'.
Inserting `luaotfload.aux.set_capheight' at position 3 in `luaotfload.patch_font
'.
Inserting `luaotfload.rewrite_fontname' at position 4 in `luaotfload.patch_font'
.
luaotfload | main : initialization completed in 0.105 seconds
Babel <3.18> and hyphenation patterns for 1 language(s) loaded.
(/usr/local/texlive/2017/texmf-dist/tex/latex/base/article.cls
Document Class: article 2014/09/29 v1.4h Standard LaTeX document class
(/usr/local/texlive/2017/texmf-dist/tex/latex/base/size10.clo
File: size10.clo 2014/09/29 v1.4h Standard LaTeX file (size option)
luaotfload | db : Font names database loaded from /Users/AnizetThomas/Library/te
xlive/2017/texmf-var/luatex-cache/generic/names/luaotfload-names.luc(load luc: /
Users/AnizetThomas/Library/texlive/2017/texmf-var/luatex-cache/generic/fonts/otl
/lmroman10-regular.luc))
\c@part=\count79
\c@section=\count80
\c@subsection=\count81
\c@subsubsection=\count82
\c@paragraph=\count83
\c@subparagraph=\count84
\c@figure=\count85
\c@table=\count86
\abovecaptionskip=\skip41
\belowcaptionskip=\skip42
\bibindent=\dimen102
)
(/usr/local/texlive/2017/texmf-dist/tex/latex/base/fontenc.sty
Package: fontenc 2017/04/05 v2.0i Standard LaTeX package

(/usr/local/texlive/2017/texmf-dist/tex/latex/base/t1enc.def
File: t1enc.def 2017/04/05 v2.0i Standard LaTeX file
LaTeX Font Info:    Redeclaring font encoding T1 on input line 48.
)
LaTeX Font Info:    Try loading font information for T1+lmr on input line 105.

(/usr/local/texlive/2017/texmf-dist/tex/latex/lm/t1lmr.fd
File: t1lmr.fd 2009/10/30 v1.6 Font defs for Latin Modern
))
(/usr/local/texlive/2017/texmf-dist/tex/latex/lm/lmodern.sty
Package: lmodern 2009/10/30 v1.6 Latin Modern Fonts
LaTeX Font Info:    Overwriting symbol font `operators' in version `normal'
(Font)                  OT1/cmr/m/n --> OT1/lmr/m/n on input line 22.
LaTeX Font Info:    Overwriting symbol font `letters' in version `normal'
(Font)                  OML/cmm/m/it --> OML/lmm/m/it on input line 23.
LaTeX Font Info:    Overwriting symbol font `symbols' in version `normal'
(Font)                  OMS/cmsy/m/n --> OMS/lmsy/m/n on input line 24.
LaTeX Font Info:    Overwriting symbol font `largesymbols' in version `normal'
(Font)                  OMX/cmex/m/n --> OMX/lmex/m/n on input line 25.
LaTeX Font Info:    Overwriting symbol font `operators' in version `bold'
(Font)                  OT1/cmr/bx/n --> OT1/lmr/bx/n on input line 26.
LaTeX Font Info:    Overwriting symbol font `letters' in version `bold'
(Font)                  OML/cmm/b/it --> OML/lmm/b/it on input line 27.
LaTeX Font Info:    Overwriting symbol font `symbols' in version `bold'
(Font)                  OMS/cmsy/b/n --> OMS/lmsy/b/n on input line 28.
LaTeX Font Info:    Overwriting symbol font `largesymbols' in version `bold'
(Font)                  OMX/cmex/m/n --> OMX/lmex/m/n on input line 29.
LaTeX Font Info:    Overwriting math alphabet `\mathbf' in version `normal'
(Font)                  OT1/cmr/bx/n --> OT1/lmr/bx/n on input line 31.
LaTeX Font Info:    Overwriting math alphabet `\mathsf' in version `normal'
(Font)                  OT1/cmss/m/n --> OT1/lmss/m/n on input line 32.
LaTeX Font Info:    Overwriting math alphabet `\mathit' in version `normal'
(Font)                  OT1/cmr/m/it --> OT1/lmr/m/it on input line 33.
LaTeX Font Info:    Overwriting math alphabet `\mathtt' in version `normal'
(Font)                  OT1/cmtt/m/n --> OT1/lmtt/m/n on input line 34.
LaTeX Font Info:    Overwriting math alphabet `\mathbf' in version `bold'
(Font)                  OT1/cmr/bx/n --> OT1/lmr/bx/n on input line 35.
LaTeX Font Info:    Overwriting math alphabet `\mathsf' in version `bold'
(Font)                  OT1/cmss/bx/n --> OT1/lmss/bx/n on input line 36.
LaTeX Font Info:    Overwriting math alphabet `\mathit' in version `bold'
(Font)                  OT1/cmr/bx/it --> OT1/lmr/bx/it on input line 37.
LaTeX Font Info:    Overwriting math alphabet `\mathtt' in version `bold'
(Font)                  OT1/cmtt/m/n --> OT1/lmtt/m/n on input line 38.
)
(/usr/local/texlive/2017/texmf-dist/tex/latex/xcolor/xcolor.sty
Package: xcolor 2016/05/11 v2.12 LaTeX color extensions (UK)

(/usr/local/texlive/2017/texmf-dist/tex/latex/graphics-cfg/color.cfg
File: color.cfg 2016/01/02 v1.6 sample color configuration
)
Package xcolor Info: Driver file: luatex.def on input line 225.

(/usr/local/texlive/2017/texmf-dist/tex/latex/graphics-def/luatex.def
File: luatex.def 2018/01/08 v1.0l Graphics/color driver for luatex
)
Package xcolor Info: Model `cmy' substituted by `cmy0' on input line 1348.
Package xcolor Info: Model `hsb' substituted by `rgb' on input line 1352.
Package xcolor Info: Model `RGB' extended on input line 1364.
Package xcolor Info: Model `HTML' substituted by `rgb' on input line 1366.
Package xcolor Info: Model `Hsb' substituted by `hsb' on input line 1367.
Package xcolor Info: Model `tHsb' substituted by `hsb' on input line 1368.
Package xcolor Info: Model `HSB' substituted by `hsb' on input line 1369.
Package xcolor Info: Model `Gray' substituted by `gray' on input line 1370.
Package xcolor Info: Model `wave' substituted by `hsb' on input line 1371.
)
(/usr/local/texlive/2017/texmf-dist/tex/latex/fontspec/fontspec.sty
(/usr/local/texlive/2017/texmf-dist/tex/latex/l3packages/xparse/xparse.sty
(/usr/local/texlive/2017/texmf-dist/tex/latex/l3kernel/expl3.sty
Package: expl3 2018/02/21 L3 programming layer (loader) 

(/usr/local/texlive/2017/texmf-dist/tex/latex/l3kernel/expl3-code.tex
Package: expl3 2018/02/21 L3 programming layer (code)
\ucharcat@table=\catcodetable5
\c_max_int=\count87
\l_tmpa_int=\count88
\l_tmpb_int=\count89
\g_tmpa_int=\count90
\g_tmpb_int=\count91
\g__intarray_font_int=\count92
\g__prg_map_int=\count93
\c_log_iow=\count94
\l_iow_line_count_int=\count95
\l__iow_line_target_int=\count96
\l__iow_one_indent_int=\count97
\l__iow_indent_int=\count98
\c_zero_dim=\dimen103
\c_max_dim=\dimen104
\l_tmpa_dim=\dimen105
\l_tmpb_dim=\dimen106
\g_tmpa_dim=\dimen107
\g_tmpb_dim=\dimen108
\c_zero_skip=\skip43
\c_max_skip=\skip44
\l_tmpa_skip=\skip45
\l_tmpb_skip=\skip46
\g_tmpa_skip=\skip47
\g_tmpb_skip=\skip48
\c_zero_muskip=\muskip10
\c_max_muskip=\muskip11
\l_tmpa_muskip=\muskip12
\l_tmpb_muskip=\muskip13
\g_tmpa_muskip=\muskip14
\g_tmpb_muskip=\muskip15
\l_keys_choice_int=\count99
\c__fp_leading_shift_int=\count100
\c__fp_middle_shift_int=\count101
\c__fp_trailing_shift_int=\count102
\c__fp_big_leading_shift_int=\count103
\c__fp_big_middle_shift_int=\count104
\c__fp_big_trailing_shift_int=\count105
\c__fp_Bigg_leading_shift_int=\count106
\c__fp_Bigg_middle_shift_int=\count107
\c__fp_Bigg_trailing_shift_int=\count108
\c__fp_rand_size_int=\count109
\c__fp_rand_four_int=\count110
\c__fp_rand_eight_int=\count111
\l__sort_length_int=\count112
\l__sort_min_int=\count113
\l__sort_top_int=\count114
\l__sort_max_int=\count115
\l__sort_true_max_int=\count116
\l__sort_block_int=\count117
\l__sort_begin_int=\count118
\l__sort_end_int=\count119
\l__sort_A_int=\count120
\l__sort_B_int=\count121
\l__sort_C_int=\count122
\l__tl_build_start_index_int=\count123
\l__tl_build_index_int=\count124
\l__tl_analysis_normal_int=\count125
\l__tl_analysis_index_int=\count126
\l__tl_analysis_nesting_int=\count127
\l__tl_analysis_type_int=\count128
\l__regex_internal_a_int=\count129
\l__regex_internal_b_int=\count130
\l__regex_internal_c_int=\count131
\l__regex_balance_int=\count132
\l__regex_group_level_int=\count133
\l__regex_mode_int=\count134
\c__regex_cs_in_class_mode_int=\count135
\c__regex_cs_mode_int=\count136
\l__regex_catcodes_int=\count137
\l__regex_default_catcodes_int=\count138
\c__regex_catcode_L_int=\count139
\c__regex_catcode_O_int=\count140
\c__regex_catcode_A_int=\count141
\c__regex_all_catcodes_int=\count142
\l__regex_show_lines_int=\count143
\l__regex_min_state_int=\count144
\l__regex_max_state_int=\count145
\l__regex_left_state_int=\count146
\l__regex_right_state_int=\count147
\l__regex_capturing_group_int=\count148
\l__regex_min_pos_int=\count149
\l__regex_max_pos_int=\count150
\l__regex_curr_pos_int=\count151
\l__regex_start_pos_int=\count152
\l__regex_success_pos_int=\count153
\l__regex_curr_char_int=\count154
\l__regex_curr_catcode_int=\count155
\l__regex_last_char_int=\count156
\l__regex_case_changed_char_int=\count157
\l__regex_curr_state_int=\count158
\l__regex_step_int=\count159
\l__regex_min_active_int=\count160
\l__regex_max_active_int=\count161
\l__regex_replacement_csnames_int=\count162
\l__regex_match_count_int=\count163
\l__regex_min_submatch_int=\count164
\l__regex_submatch_int=\count165
\l__regex_zeroth_submatch_int=\count166
\g__regex_trace_regex_int=\count167
\c_empty_box=\box26
\l_tmpa_box=\box27
\l_tmpb_box=\box28
\g_tmpa_box=\box29
\g_tmpb_box=\box30
\l__box_top_dim=\dimen109
\l__box_bottom_dim=\dimen110
\l__box_left_dim=\dimen111
\l__box_right_dim=\dimen112
\l__box_top_new_dim=\dimen113
\l__box_bottom_new_dim=\dimen114
\l__box_left_new_dim=\dimen115
\l__box_right_new_dim=\dimen116
\l__box_internal_box=\box31
\l__coffin_internal_box=\box32
\l__coffin_internal_dim=\dimen117
\l__coffin_offset_x_dim=\dimen118
\l__coffin_offset_y_dim=\dimen119
\l__coffin_x_dim=\dimen120
\l__coffin_y_dim=\dimen121
\l__coffin_x_prime_dim=\dimen122
\l__coffin_y_prime_dim=\dimen123
\c_empty_coffin=\box33
\l__coffin_aligned_coffin=\box34
\l__coffin_aligned_internal_coffin=\box35
\l_tmpa_coffin=\box36
\l_tmpb_coffin=\box37
\l__coffin_display_coffin=\box38
\l__coffin_display_coord_coffin=\box39
\l__coffin_display_pole_coffin=\box40
\l__coffin_display_offset_dim=\dimen124
\l__coffin_display_x_dim=\dimen125
\l__coffin_display_y_dim=\dimen126
\l__coffin_bounding_shift_dim=\dimen127
\l__coffin_left_corner_dim=\dimen128
\l__coffin_right_corner_dim=\dimen129
\l__coffin_bottom_corner_dim=\dimen130
\l__coffin_top_corner_dim=\dimen131
\l__coffin_scaled_total_height_dim=\dimen132
\l__coffin_scaled_width_dim=\dimen133
)
(/usr/local/texlive/2017/texmf-dist/tex/latex/l3kernel/l3pdfmode.def
File: l3pdfmode.def 2017/03/18 v L3 Experimental driver: PDF mode
\l__driver_color_stack_int=\count168
\l__driver_tmp_box=\box41
))
Package: xparse 2018/02/21 L3 Experimental document command parser
\l__xparse_current_arg_int=\count169
\g__xparse_grabber_int=\count170
\l__xparse_m_args_int=\count171
\l__xparse_mandatory_args_int=\count172
\l__xparse_v_nesting_int=\count173
)
Package: fontspec 2017/11/09 v2.6g Font selection for XeLaTeX and LuaLaTeX
Lua module: fontspec 2017/11/09 2.6g Font selection for XeLaTeX and LuaLaTeX
(/usr/local/texlive/2017/texmf-dist/tex/latex/fontspec/fontspec-luatex.sty
Package: fontspec-luatex 2017/11/09 v2.6g Font selection for XeLaTeX and LuaLaTe
X
\l__fontspec_script_int=\count174
\l__fontspec_language_int=\count175
\l__fontspec_strnum_int=\count176
\l__fontspec_tmp_int=\count177
\l__fontspec_em_int=\count178
\l__fontspec_emdef_int=\count179
\l__fontspec_strong_int=\count180
\l__fontspec_strongdef_int=\count181
\l__fontspec_tmpa_dim=\dimen134
\l__fontspec_tmpb_dim=\dimen135
\l__fontspec_tmpc_dim=\dimen136
\g__file_internal_ior=\read1

(/usr/local/texlive/2017/texmf-dist/tex/latex/base/fontenc.sty
Package: fontenc 2017/04/05 v2.0i Standard LaTeX package

(/usr/local/texlive/2017/texmf-dist/tex/latex/base/tuenc.def
File: tuenc.def 2017/04/05 v2.0i Standard LaTeX file
LaTeX Font Info:    Redeclaring font encoding TU on input line 82.
))
.................................................
. LaTeX info: "xparse/define-command"
. 
. Defining command \fontspec with sig. 'O{}mO{}' on line 545.
.................................................
.................................................
. LaTeX info: "xparse/define-command"
. 
. Defining command \setmainfont with sig. 'O{}mO{}' on line 549.
.................................................
.................................................
. LaTeX info: "xparse/define-command"
. 
. Defining command \setsansfont with sig. 'O{}mO{}' on line 553.
.................................................
.................................................
. LaTeX info: "xparse/define-command"
. 
. Defining command \setmonofont with sig. 'O{}mO{}' on line 557.
.................................................
.................................................
. LaTeX info: "xparse/define-command"
. 
. Defining command \setmathrm with sig. 'O{}mO{}' on line 561.
.................................................
.................................................
. LaTeX info: "xparse/define-command"
. 
. Defining command \setboldmathrm with sig. 'O{}mO{}' on line 565.
.................................................
.................................................
. LaTeX info: "xparse/define-command"
. 
. Defining command \setmathsf with sig. 'O{}mO{}' on line 569.
.................................................
.................................................
. LaTeX info: "xparse/define-command"
. 
. Defining command \setmathtt with sig. 'O{}mO{}' on line 573.
.................................................
.................................................
. LaTeX info: "xparse/define-command"
. 
. Defining command \setromanfont with sig. 'O{}mO{}' on line 577.
.................................................
.................................................
. LaTeX info: "xparse/define-command"
. 
. Defining command \newfontfamily with sig. 'mO{}mO{}' on line 581.
.................................................
.................................................
. LaTeX info: "xparse/define-command"
. 
. Defining command \newfontface with sig. 'mO{}mO{}' on line 585.
.................................................
.................................................
. LaTeX info: "xparse/define-command"
. 
. Defining command \defaultfontfeatures with sig. 't+om' on line 589.
.................................................
.................................................
. LaTeX info: "xparse/define-command"
. 
. Defining command \addfontfeatures with sig. 'm' on line 593.
.................................................
.................................................
. LaTeX info: "xparse/define-command"
. 
. Defining command \addfontfeature with sig. 'm' on line 597.
.................................................
.................................................
. LaTeX info: "xparse/define-command"
. 
. Defining command \newfontfeature with sig. 'mm' on line 601.
.................................................
.................................................
. LaTeX info: "xparse/define-command"
. 
. Defining command \newAATfeature with sig. 'mmmm' on line 605.
.................................................
.................................................
. LaTeX info: "xparse/define-command"
. 
. Defining command \newopentypefeature with sig. 'mmm' on line 609.
.................................................
.................................................
. LaTeX info: "xparse/define-command"
. 
. Defining command \newICUfeature with sig. 'mmm' on line 613.
.................................................
.................................................
. LaTeX info: "xparse/define-command"
. 
. Defining command \aliasfontfeature with sig. 'mm' on line 617.
.................................................
.................................................
. LaTeX info: "xparse/define-command"
. 
. Defining command \aliasfontfeatureoption with sig. 'mmm' on line 621.
.................................................
.................................................
. LaTeX info: "xparse/define-command"
. 
. Defining command \newfontscript with sig. 'mm' on line 625.
.................................................
.................................................
. LaTeX info: "xparse/define-command"
. 
. Defining command \newfontlanguage with sig. 'mm' on line 629.
.................................................
.................................................
. LaTeX info: "xparse/define-command"
. 
. Defining command \DeclareFontsExtensions with sig. 'm' on line 633.
.................................................
.................................................
. LaTeX info: "xparse/define-command"
. 
. Defining command \IfFontFeatureActiveTF with sig. 'mmm' on line 637.
.................................................
.................................................
. LaTeX info: "xparse/define-command"
. 
. Defining command \EncodingCommand with sig. 'mO{}m' on line 3366.
.................................................
.................................................
. LaTeX info: "xparse/define-command"
. 
. Defining command \EncodingAccent with sig. 'mm' on line 3372.
.................................................
.................................................
. LaTeX info: "xparse/define-command"
. 
. Defining command \EncodingSymbol with sig. 'mm' on line 3378.
.................................................
.................................................
. LaTeX info: "xparse/define-command"
. 
. Defining command \EncodingComposite with sig. 'mmm' on line 3384.
.................................................
.................................................
. LaTeX info: "xparse/define-command"
. 
. Defining command \EncodingCompositeCommand with sig. 'mmm' on line 3390.
.................................................
.................................................
. LaTeX info: "xparse/define-command"
. 
. Defining command \DeclareUnicodeEncoding with sig. 'mm' on line 3415.
.................................................
.................................................
. LaTeX info: "xparse/define-command"
. 
. Defining command \UndeclareSymbol with sig. 'm' on line 3421.
.................................................
.................................................
. LaTeX info: "xparse/define-command"
. 
. Defining command \UndeclareAccent with sig. 'm' on line 3427.
.................................................
.................................................
. LaTeX info: "xparse/define-command"
. 
. Defining command \UndeclareCommand with sig. 'm' on line 3433.
.................................................
.................................................
. LaTeX info: "xparse/define-command"
. 
. Defining command \UndeclareComposite with sig. 'mm' on line 3440.
.................................................

(/usr/local/texlive/2017/texmf-dist/tex/latex/fontspec/fontspec.cfg)
LaTeX Info: Redefining \itshape on input line 3625.
LaTeX Info: Redefining \slshape on input line 3630.
LaTeX Info: Redefining \scshape on input line 3635.
LaTeX Info: Redefining \upshape on input line 3640.
LaTeX Info: Redefining \em on input line 3670.
LaTeX Info: Redefining \emph on input line 3695.
(load luc: /Users/AnizetThomas/Library/texlive/2017/texmf-var/luatex-cache/gener
ic/fonts/otl/lmroman10-bold.luc)(load luc: /Users/AnizetThomas/Library/texlive/2
017/texmf-var/luatex-cache/generic/fonts/otl/lmroman10-italic.luc)
LaTeX Info: Redefining \- on input line 3749.
.................................................
. LaTeX info: "xparse/redefine-command"
. 
. Redefining command \oldstylenums with sig. 'm' on line 3844.
.................................................
.................................................
. LaTeX info: "xparse/define-command"
. 
. Defining command \liningnums with sig. 'm' on line 3848.
.................................................
))
luaotfload | cache : Lookup cache loaded from /Users/AnizetThomas/Library/texliv
e/2017/texmf-var/luatex-cache/generic/names/luaotfload-lookup-cache.luc.(load lu
c: /Users/AnizetThomas/Library/texlive/2017/texmf-var/luatex-cache/generic/fonts
/otl/arial.luc)
\g__fontspec_family_Arial_int=\count182
(load luc: /Users/AnizetThomas/Library/texlive/2017/texmf-var/luatex-cache/gener
ic/fonts/otl/arial-bold-italic.luc)(load luc: /Users/AnizetThomas/Library/texliv
e/2017/texmf-var/luatex-cache/generic/fonts/otl/arial-bold.luc)(load luc: /Users
/AnizetThomas/Library/texlive/2017/texmf-var/luatex-cache/generic/fonts/otl/aria
l-italic.luc)
luaotfload | aux : font no 27 (nil) does not define feature smcp for script latn
 with language dflt
luaotfload | aux : no font with id 27
luaotfload | aux : font no 29 (nil) does not define feature smcp for script latn
 with language dflt
luaotfload | aux : no font with id 29
luaotfload | aux : font no 30 (nil) does not define feature smcp for script latn
 with language dflt
luaotfload | aux : no font with id 30
luaotfload | aux : font no 28 (nil) does not define feature smcp for script latn
 with language dflt
luaotfload | aux : no font with id 28
.................................................
. fontspec info: "defining-font"
. 
. Font family 'Arial(0)' created for font 'Arial' with options
. [Ligatures=TeX].
.  
.  This font family consists of the following NFSS series/shapes:
.  
. - 'normal' (m/n) with NFSS spec.:
. <->"Arial:mode=node;script=latn;language=DFLT;+tlig;"
. - 'small caps'  (m/sc) with NFSS spec.: 
. - 'bold' (bx/n) with NFSS spec.:
. <->"Arial/B:mode=node;script=latn;language=DFLT;+tlig;"
. - 'bold small caps'  (bx/sc) with NFSS spec.: 
. - 'italic' (m/it) with NFSS spec.:
. <->"Arial/I:mode=node;script=latn;language=DFLT;+tlig;"
. - 'italic small caps'  (m/itsc) with NFSS spec.: 
. - 'bold italic' (bx/it) with NFSS spec.:
. <->"Arial/BI:mode=node;script=latn;language=DFLT;+tlig;"
. - 'bold italic small caps'  (bx/itsc) with NFSS spec.: 
.................................................
LaTeX Info: Redefining \sffamily on input line 12.

(/usr/local/texlive/2017/texmf-dist/tex/latex/amsmath/amsmath.sty
Package: amsmath 2017/09/02 v2.17a AMS math features
\@mathmargin=\skip49

For additional information on amsmath, use the `?' option.
(/usr/local/texlive/2017/texmf-dist/tex/latex/amsmath/amstext.sty
Package: amstext 2000/06/29 v2.01 AMS text

(/usr/local/texlive/2017/texmf-dist/tex/latex/amsmath/amsgen.sty
File: amsgen.sty 1999/11/30 v2.0 generic functions
\@emptytoks=\toks14
\ex@=\dimen137
))
(/usr/local/texlive/2017/texmf-dist/tex/latex/amsmath/amsbsy.sty
Package: amsbsy 1999/11/29 v1.2d Bold Symbols
\pmbraise@=\dimen138
)
(/usr/local/texlive/2017/texmf-dist/tex/latex/amsmath/amsopn.sty
Package: amsopn 2016/03/08 v2.02 operator names
)
\inf@bad=\count183
LaTeX Info: Redefining \frac on input line 213.
\uproot@=\count184
\leftroot@=\count185
LaTeX Info: Redefining \overline on input line 375.
\classnum@=\count186
\DOTSCASE@=\count187
LaTeX Info: Redefining \ldots on input line 472.
LaTeX Info: Redefining \dots on input line 475.
LaTeX Info: Redefining \cdots on input line 596.
\Mathstrutbox@=\box42
\strutbox@=\box43
\big@size=\dimen139
LaTeX Font Info:    Redeclaring font encoding OML on input line 712.
LaTeX Font Info:    Redeclaring font encoding OMS on input line 713.
\macc@depth=\count188
\c@MaxMatrixCols=\count189
\dotsspace@=\muskip16
\c@parentequation=\count190
\dspbrk@lvl=\count191
\tag@help=\toks15
\row@=\count192
\column@=\count193
\maxfields@=\count194
\andhelp@=\toks16
\eqnshift@=\dimen140
\alignsep@=\dimen141
\tagshift@=\dimen142
\tagwidth@=\dimen143
\totwidth@=\dimen144
\lineht@=\dimen145
\@envbody=\toks17
\multlinegap=\skip50
\multlinetaggap=\skip51
\mathdisplay@stack=\toks18
LaTeX Info: Redefining \[ on input line 2817.
LaTeX Info: Redefining \] on input line 2818.
)
(/usr/local/texlive/2017/texmf-dist/tex/latex/titlesec/titlesec.sty
Package: titlesec 2016/03/21 v2.10.2 Sectioning titles
\ttl@box=\box44
\beforetitleunit=\skip52
\aftertitleunit=\skip53
\ttl@plus=\dimen146
\ttl@minus=\dimen147
\ttl@toksa=\toks19
\titlewidth=\dimen148
\titlewidthlast=\dimen149
\titlewidthfirst=\dimen150
)
(/usr/local/texlive/2017/texmf-dist/tex/latex/geometry/geometry.sty
Package: geometry 2010/09/12 v5.6 Page Geometry

(/usr/local/texlive/2017/texmf-dist/tex/latex/graphics/keyval.sty
Package: keyval 2014/10/28 v1.15 key=value parser (DPC)
\KV@toks@=\toks20
)
(/usr/local/texlive/2017/texmf-dist/tex/generic/oberdiek/ifpdf.sty
Package: ifpdf 2017/03/15 v3.2 Provides the ifpdf switch
)
(/usr/local/texlive/2017/texmf-dist/tex/generic/oberdiek/ifvtex.sty
Package: ifvtex 2016/05/16 v1.6 Detect VTeX and its facilities (HO)
Package ifvtex Info: VTeX not detected.
)
(/usr/local/texlive/2017/texmf-dist/tex/generic/ifxetex/ifxetex.sty
Package: ifxetex 2010/09/12 v0.6 Provides ifxetex conditional
)
\Gm@cnth=\count195
\Gm@cntv=\count196
\c@Gm@tempcnt=\count197
\Gm@bindingoffset=\dimen151
\Gm@wd@mp=\dimen152
\Gm@odd@mp=\dimen153
\Gm@even@mp=\dimen154
\Gm@layoutwidth=\dimen155
\Gm@layoutheight=\dimen156
\Gm@layouthoffset=\dimen157
\Gm@layoutvoffset=\dimen158
\Gm@dimlist=\toks21
)
(/usr/local/texlive/2017/texmf-dist/tex/latex/siunitx/siunitx.sty
Package: siunitx 2017/11/26 v2.7k A comprehensive (SI) units package

(/usr/local/texlive/2017/texmf-dist/tex/latex/tools/array.sty
Package: array 2016/10/06 v2.4d Tabular extension package (FMi)
\col@sep=\dimen159
\extrarowheight=\dimen160
\NC@list=\toks22
\extratabsurround=\skip54
\backup@length=\skip55
)
(/usr/local/texlive/2017/texmf-dist/tex/latex/l3packages/l3keys2e/l3keys2e.sty
Package: l3keys2e 2018/02/21 LaTeX2e option processing using LaTeX3 keys
)
\l__siunitx_tmp_box=\box45
\l__siunitx_tmp_dim=\dimen161
\l__siunitx_tmp_int=\count198
\l__siunitx_number_mantissa_length_int=\count199
\l__siunitx_number_uncert_length_int=\count266
\l__siunitx_round_int=\count267
\l__siunitx_process_decimal_int=\count268
\l__siunitx_process_uncertainty_int=\count269
\l__siunitx_process_fixed_int=\count270
\l__siunitx_process_integer_min_int=\count271
\l__siunitx_process_precision_int=\count272
\l__siunitx_group_min_int=\count273
\l__siunitx_angle_marker_box=\box46
\l__siunitx_angle_unit_box=\box47
\l__siunitx_angle_marker_dim=\dimen162
\l__siunitx_angle_unit_dim=\dimen163
\l__siunitx_unit_int=\count274
\l__siunitx_unit_denominator_int=\count275
\l__siunitx_unit_numerator_int=\count276
\l__siunitx_unit_prefix_int=\count277
\l__siunitx_unit_prefix_base_int=\count278
\l__siunitx_unit_prefix_gram_int=\count279
\l__siunitx_number_product_int=\count280
\c__siunitx_one_fill_skip=\skip56
\l__siunitx_table_unit_align_skip=\skip57
\l__siunitx_table_exponent_dim=\dimen164
\l__siunitx_table_integer_dim=\dimen165
\l__siunitx_table_mantissa_dim=\dimen166
\l__siunitx_table_marker_dim=\dimen167
\l__siunitx_table_result_dim=\dimen168
\l__siunitx_table_uncert_dim=\dimen169
\l__siunitx_table_fill_pre_dim=\dimen170
\l__siunitx_table_fill_post_dim=\dimen171
\l__siunitx_table_fill_mid_dim=\dimen172
\l__siunitx_table_pre_box=\box48
\l__siunitx_table_post_box=\box49
\l__siunitx_table_mantissa_box=\box50
\l__siunitx_table_result_box=\box51
\l__siunitx_table_number_align_skip=\skip58
\l__siunitx_table_text_align_skip=\skip59
.................................................
. LaTeX info: "xparse/define-command"
. 
. Defining command \DeclareBinaryPrefix with sig. 'mmm' on line 7250.
.................................................
.................................................
. LaTeX info: "xparse/define-command"
. 
. Defining command \DeclareSIPostPower with sig. 'mm' on line 7253.
.................................................
.................................................
. LaTeX info: "xparse/define-command"
. 
. Defining command \DeclareSIPrefix with sig. 'mmm' on line 7256.
.................................................
.................................................
. LaTeX info: "xparse/define-command"
. 
. Defining command \DeclareSIPrePower with sig. 'mm' on line 7259.
.................................................
.................................................
. LaTeX info: "xparse/define-command"
. 
. Defining command \DeclareSIQualifier with sig. 'mm' on line 7262.
.................................................
.................................................
. LaTeX info: "xparse/define-command"
. 
. Defining command \DeclareSIUnit with sig. 'O{}mm' on line 7265.
.................................................
.................................................
. LaTeX info: "xparse/define-command"
. 
. Defining command \DeclareSIUnitWithOptions with sig. 'mmm' on line 7268.
.................................................
.................................................
. LaTeX info: "xparse/define-command"
. 
. Defining command \ang with sig. 'o>{\SplitArgument {2}{;}}m' on line 7283.
.................................................
.................................................
. LaTeX info: "xparse/define-command"
. 
. Defining command \num with sig. 'om' on line 7292.
.................................................
.................................................
. LaTeX info: "xparse/define-command"
. 
. Defining command \numlist with sig. 'o>{\SplitList {;}}m' on line 7301.
.................................................
.................................................
. LaTeX info: "xparse/define-command"
. 
. Defining command \numrange with sig. 'omm' on line 7310.
.................................................
.................................................
. LaTeX info: "xparse/define-command"
. 
. Defining command \SIlist with sig. 'o>{\SplitList {;}}mm' on line 7322.
.................................................
.................................................
. LaTeX info: "xparse/define-command"
. 
. Defining command \SIrange with sig. 'ommm' on line 7334.
.................................................
.................................................
. LaTeX info: "xparse/define-command"
. 
. Defining command \SI with sig. 'omom' on line 7346.
.................................................
.................................................
. LaTeX info: "xparse/define-command"
. 
. Defining command \sisetup with sig. 'm' on line 7349.
.................................................
.................................................
. LaTeX info: "xparse/define-command"
. 
. Defining command \tablenum with sig. 'om' on line 7364.
.................................................
.................................................
. LaTeX info: "xparse/define-command"
. 
. Defining command \si with sig. 'om' on line 7376.
.................................................
.................................................
. LaTeX info: "xparse/define-command"
. 
. Defining command \numInBookmark with sig. 'om' on line 7423.
.................................................
.................................................
. LaTeX info: "xparse/define-command"
. 
. Defining command \numrangeInBookmark with sig. 'omm' on line 7425.
.................................................
.................................................
. LaTeX info: "xparse/define-command"
. 
. Defining command \SIInBookmark with sig. 'omom' on line 7427.
.................................................
.................................................
. LaTeX info: "xparse/define-command"
. 
. Defining command \SIlistInBookmark with sig. 'omm' on line 7429.
.................................................
.................................................
. LaTeX info: "xparse/define-command"
. 
. Defining command \SIrangeInBookmark with sig. 'ommm' on line 7431.
.................................................
.................................................
. LaTeX info: "xparse/define-command"
. 
. Defining command \siInBookmark with sig. 'om' on line 7432.
.................................................
(/usr/local/texlive/2017/texmf-dist/tex/latex/translator/translator.sty
Package: translator 2018/01/04 v1.12 Easy translation of strings in LaTeX
))
(/usr/local/texlive/2017/texmf-dist/tex/latex/graphics/graphicx.sty
Package: graphicx 2017/06/01 v1.1a Enhanced LaTeX Graphics (DPC,SPQR)

(/usr/local/texlive/2017/texmf-dist/tex/latex/graphics/graphics.sty
Package: graphics 2017/06/25 v1.2c Standard LaTeX Graphics (DPC,SPQR)

(/usr/local/texlive/2017/texmf-dist/tex/latex/graphics/trig.sty
Package: trig 2016/01/03 v1.10 sin cos tan (DPC)
)
(/usr/local/texlive/2017/texmf-dist/tex/latex/graphics-cfg/graphics.cfg
File: graphics.cfg 2016/06/04 v1.11 sample graphics configuration
)
Package graphics Info: Driver file: luatex.def on input line 99.
)
\Gin@req@height=\dimen173
\Gin@req@width=\dimen174
)
(/usr/local/texlive/2017/texmf-dist/tex/latex/caption/caption.sty
Package: caption 2016/02/21 v3.3-144 Customizing captions (AR)

(/usr/local/texlive/2017/texmf-dist/tex/latex/caption/caption3.sty
Package: caption3 2016/05/22 v1.7-166 caption3 kernel (AR)
Package caption3 Info: TeX engine: e-TeX on input line 67.
\captionmargin=\dimen175
\captionmargin@=\dimen176
\captionwidth=\dimen177
\caption@tempdima=\dimen178
\caption@indent=\dimen179
\caption@parindent=\dimen180
\caption@hangindent=\dimen181
)
\c@ContinuedFloat=\count281
)
(/usr/local/texlive/2017/texmf-dist/tex/latex/pdfpages/pdfpages.sty
Package: pdfpages 2017/10/31 v0.5l Insert pages of external PDF documents (AM)

(/usr/local/texlive/2017/texmf-dist/tex/latex/base/ifthen.sty
Package: ifthen 2014/09/29 v1.1c Standard LaTeX ifthen package (DPC)
)
(/usr/local/texlive/2017/texmf-dist/tex/latex/tools/calc.sty
Package: calc 2014/10/28 v4.3 Infix arithmetic (KKT,FJ)
\calc@Acount=\count282
\calc@Bcount=\count283
\calc@Adimen=\dimen182
\calc@Bdimen=\dimen183
\calc@Askip=\skip60
\calc@Bskip=\skip61
LaTeX Info: Redefining \setlength on input line 80.
LaTeX Info: Redefining \addtolength on input line 81.
\calc@Ccount=\count284
\calc@Cskip=\skip62
)
(/usr/local/texlive/2017/texmf-dist/tex/latex/eso-pic/eso-pic.sty
Package: eso-pic 2015/07/21 v2.0g eso-pic (RN)

(/usr/local/texlive/2017/texmf-dist/tex/generic/oberdiek/atbegshi.sty
Package: atbegshi 2016/06/09 v1.18 At begin shipout hook (HO)

(/usr/local/texlive/2017/texmf-dist/tex/generic/oberdiek/infwarerr.sty
Package: infwarerr 2016/05/16 v1.4 Providing info/warning/error messages (HO)
)
(/usr/local/texlive/2017/texmf-dist/tex/generic/oberdiek/ltxcmds.sty
Package: ltxcmds 2016/05/16 v1.23 LaTeX kernel commands for general use (HO)
)))
\AM@pagewidth=\dimen184
\AM@pageheight=\dimen185

(/usr/local/texlive/2017/texmf-dist/tex/latex/pdfpages/ppluatex.def
File: ppluatex.def 2017/10/31 v0.5l Pdfpages driver for LuaTeX (AM)
)
\AM@pagebox=\box52
\AM@global@opts=\toks23
\AM@toc@title=\toks24
\c@AM@survey=\count285
\AM@templatesizebox=\box53
)
(/usr/local/texlive/2017/texmf-dist/tex/generic/babel/babel.sty
Package: babel 2018/02/14 3.18 The Babel package

(/usr/local/texlive/2017/texmf-dist/tex/generic/babel/switch.def
File: switch.def 2018/02/14 3.18 Babel switching mechanism
)
(/usr/local/texlive/2017/texmf-dist/tex/generic/babel/luababel.def
\l@dumylang=\language2
Package babel Info: Non-standard hyphenation setup on input line 113.
\l@nohyphenation=\language3
\l@german-x-2017-03-31=\language4
\l@ngerman-x-2017-03-31=\language5
\l@afrikaans=\language6
\l@ancientgreek=\language7
\l@ibycus=\language8
\l@arabic=\language9
\l@armenian=\language10
\l@basque=\language11
\l@belarusian=\language12
\l@bulgarian=\language13
\l@catalan=\language14
\l@pinyin=\language15
\l@churchslavonic=\language16
\l@coptic=\language17
\l@croatian=\language18
\l@czech=\language19
\l@danish=\language20
\l@dutch=\language21
\l@ukenglish=\language22
\l@usenglishmax=\language23
\l@esperanto=\language24
\l@estonian=\language25
\l@ethiopic=\language26
\l@farsi=\language27
\l@finnish=\language28
\l@french=\language29
\l@friulan=\language30
\l@galician=\language31
\l@georgian=\language32
\l@german=\language33
\l@ngerman=\language34
\l@swissgerman=\language35
\l@monogreek=\language36
\l@greek=\language37
\l@hungarian=\language38
\l@icelandic=\language39
\l@assamese=\language40
\l@bengali=\language41
\l@gujarati=\language42
\l@hindi=\language43
\l@kannada=\language44
\l@malayalam=\language45
\l@marathi=\language46
\l@oriya=\language47
\l@panjabi=\language48
\l@tamil=\language49
\l@telugu=\language50
\l@indonesian=\language51
\l@interlingua=\language52
\l@irish=\language53
\l@italian=\language54
\l@kurmanji=\language55
\l@latin=\language56
\l@classiclatin=\language57
\l@liturgicallatin=\language58
\l@latvian=\language59
\l@lithuanian=\language60
\l@mongolian=\language61
\l@mongolianlmc=\language62
\l@bokmal=\language63
\l@nynorsk=\language64
\l@occitan=\language65
\l@piedmontese=\language66
\l@polish=\language67
\l@portuguese=\language68
\l@romanian=\language69
\l@romansh=\language70
\l@russian=\language71
\l@sanskrit=\language72
\l@serbian=\language73
\l@serbianc=\language74
\l@slovak=\language75
\l@slovenian=\language76
\l@spanish=\language77
\l@swedish=\language78
\l@thai=\language79
\l@turkish=\language80
\l@turkmen=\language81
\l@ukrainian=\language82
\l@uppersorbian=\language83
\l@welsh=\language84
)
(/usr/local/texlive/2017/texmf-dist/tex/generic/babel-french/french.ldf
Language: french 2018/02/04 v3.4b French support from the babel system

(/usr/local/texlive/2017/texmf-dist/tex/generic/babel/babel.def
File: babel.def 2018/02/14 3.18 Babel common definitions
\babel@savecnt=\count286
\U@D=\dimen186

(/usr/local/texlive/2017/texmf-dist/tex/generic/babel/luababel.def))
\l@acadian = a dialect from \language\l@french 
\FB@nonchar=\count287
\FB@spacing=\attribute5
\FB@addDPspace=\attribute6
\FB@addGUILspace=\attribute7
\FB@ucsNBSP=\attribute8
\FB@dialect=\attribute9
Package french.ldf Info: No need for active punctuation characters
(french.ldf)             with this version of LuaTeX!
(french.ldf)             reported on input line 246.
\FBguill@level=\count288
\FB@everypar=\toks25
\FB@Mht=\dimen187
LaTeX Info: Redefining \degres on input line 753.
\mc@charclass=\count289
\mc@charfam=\count290
\mc@charslot=\count291
\std@mcc=\count292
\dec@mcc=\count293
Inserting `frenchb.french_punctuation' at position 1 in `kerning'.
\c@FBcaption@count=\count294
\listindentFB=\skip63
\descindentFB=\skip64
\labelwidthFB=\skip65
\leftmarginFB=\skip66
\parindentFFN=\dimen188
\FBfnindent=\skip67

(/usr/local/texlive/2017/texmf-dist/tex/generic/hyph-utf8/loadhyph/loadhyph-fr.
tex UTF-8 French hyphenation patterns
(/usr/local/texlive/2017/texmf-dist/tex/generic/hyph-utf8/patterns/tex/hyph-fr.
tex)
(/usr/local/texlive/2017/texmf-dist/tex/generic/hyph-utf8/patterns/quote/hyph-q
uote-fr.tex))))
(/usr/local/texlive/2017/texmf-dist/tex/latex/carlisle/scalefnt.sty)
(/usr/local/texlive/2017/texmf-dist/tex/latex/microtype/microtype.sty
Package: microtype 2018/01/14 v2.7a Micro-typographical refinements (RS)
\MT@toks=\toks26
\MT@count=\count295
LaTeX Info: Redefining \textls on input line 793.
\MT@outer@kern=\dimen189
LaTeX Info: Redefining \textmicrotypecontext on input line 1339.
\MT@listname@count=\count296

(/usr/local/texlive/2017/texmf-dist/tex/latex/microtype/microtype-luatex.def
File: microtype-luatex.def 2018/01/14 v2.7a Definitions specific to luatex (RS)
Lua module: microtype 2018/01/14 2.7a microtype module.
LaTeX Info: Redefining \lsstyle on input line 679.
LaTeX Info: Redefining \lslig on input line 679.
\MT@outer@space=\skip68
)
Package microtype Info: Loading configuration file microtype.cfg.

(/usr/local/texlive/2017/texmf-dist/tex/latex/microtype/microtype.cfg
File: microtype.cfg 2018/01/14 v2.7a microtype main configuration file (RS)
))
(/usr/local/texlive/2017/texmf-dist/tex/latex/hyperref/hyperref.sty
Package: hyperref 2018/02/06 v6.86b Hypertext links for LaTeX

(/usr/local/texlive/2017/texmf-dist/tex/generic/oberdiek/hobsub-hyperref.sty
Package: hobsub-hyperref 2016/05/16 v1.14 Bundle oberdiek, subset hyperref (HO)

(/usr/local/texlive/2017/texmf-dist/tex/generic/oberdiek/hobsub-generic.sty
Package: hobsub-generic 2016/05/16 v1.14 Bundle oberdiek, subset generic (HO)
Package: hobsub 2016/05/16 v1.14 Construct package bundles (HO)
Package hobsub Info: Skipping package `infwarerr' (already loaded).
Package hobsub Info: Skipping package `ltxcmds' (already loaded).
Package: ifluatex 2016/05/16 v1.4 Provides the ifluatex switch (HO)
Package ifluatex Info: LuaTeX detected.
Package hobsub Info: Skipping package `ifvtex' (already loaded).
Package: intcalc 2016/05/16 v1.2 Expandable calculations with integers (HO)
Package hobsub Info: Skipping package `ifpdf' (already loaded).
Package: etexcmds 2016/05/16 v1.6 Avoid name clashes with e-TeX commands (HO)
Package: kvsetkeys 2016/05/16 v1.17 Key value parser (HO)
Package: kvdefinekeys 2016/05/16 v1.4 Define keys (HO)
Package: luatex-loader 2016/05/16 v0.6 Lua module loader (HO)

(/usr/local/texlive/2017/texmf-dist/scripts/oberdiek/oberdiek.luatex.lua)
Package: pdftexcmds 2018/01/21 v0.26 Utility functions of pdfTeX for LuaTeX (HO)

Package pdftexcmds Info: \pdf@primitive is available.
Package pdftexcmds Info: \pdf@ifprimitive is available.
Package pdftexcmds Info: \pdfdraftmode found.
\pdftexcmds@toks=\toks27
Package: pdfescape 2016/05/16 v1.14 Implements pdfTeX's escape features (HO)
Package: bigintcalc 2016/05/16 v1.4 Expandable calculations on big integers (HO)

Package: bitset 2016/05/16 v1.2 Handle bit-vector datatype (HO)
Package: uniquecounter 2016/05/16 v1.3 Provide unlimited unique counter (HO)
)
Package hobsub Info: Skipping package `hobsub' (already loaded).
Package: letltxmacro 2016/05/16 v1.5 Let assignment for LaTeX macros (HO)
Package: hopatch 2016/05/16 v1.3 Wrapper for package hooks (HO)
Package: xcolor-patch 2016/05/16 xcolor patch
Package: atveryend 2016/05/16 v1.9 Hooks at the very end of document (HO)
Package atveryend Info: \enddocument detected (standard20110627).
Package hobsub Info: Skipping package `atbegshi' (already loaded).
Package: refcount 2016/05/16 v3.5 Data extraction from label references (HO)
Package: hycolor 2016/05/16 v1.8 Color options for hyperref/bookmark (HO)
)
(/usr/local/texlive/2017/texmf-dist/tex/latex/oberdiek/auxhook.sty
Package: auxhook 2016/05/16 v1.4 Hooks for auxiliary files (HO)
)
(/usr/local/texlive/2017/texmf-dist/tex/latex/oberdiek/kvoptions.sty
Package: kvoptions 2016/05/16 v3.12 Key value format for package options (HO)
)
\@linkdim=\dimen190
\Hy@linkcounter=\count297
\Hy@pagecounter=\count298

(/usr/local/texlive/2017/texmf-dist/tex/latex/hyperref/pd1enc.def
File: pd1enc.def 2018/02/06 v6.86b Hyperref: PDFDocEncoding definition (HO)
)
\Hy@SavedSpaceFactor=\count299

(/usr/local/texlive/2017/texmf-dist/tex/latex/latexconfig/hyperref.cfg
File: hyperref.cfg 2002/06/06 v1.2 hyperref configuration of TeXLive
)
Package hyperref Info: Hyper figures OFF on input line 4509.
Package hyperref Info: Link nesting OFF on input line 4514.
Package hyperref Info: Hyper index ON on input line 4517.
Package hyperref Info: Plain pages OFF on input line 4524.
Package hyperref Info: Backreferencing ON on input line 4527.
Package hyperref Info: Implicit mode ON; LaTeX internals redefined.
Package hyperref Info: Bookmarks ON on input line 4762.

(/usr/local/texlive/2017/texmf-dist/tex/latex/hyperref/backref.sty
Package: backref 2016/05/21 v1.39 Bibliographical back referencing

(/usr/local/texlive/2017/texmf-dist/tex/latex/oberdiek/rerunfilecheck.sty
Package: rerunfilecheck 2016/05/16 v1.8 Rerun checks for auxiliary files (HO)
Package uniquecounter Info: New unique counter `rerunfilecheck' on input line 28
2.
))
\c@Hy@tempcnt=\count300

(/usr/local/texlive/2017/texmf-dist/tex/latex/url/url.sty
\Urlmuskip=\muskip17
Package: url 2013/09/16  ver 3.4  Verb mode for urls, etc.
)
LaTeX Info: Redefining \url on input line 5115.
\XeTeXLinkMargin=\dimen191
\Fld@menulength=\count301
\Field@Width=\dimen192
\Fld@charsize=\dimen193
Package hyperref Info: Hyper figures OFF on input line 6369.
Package hyperref Info: Link nesting OFF on input line 6374.
Package hyperref Info: Hyper index ON on input line 6377.
Package hyperref Info: backreferencing ON on input line 6382.
Package hyperref Info: Link coloring OFF on input line 6389.
Package hyperref Info: Link coloring with OCG OFF on input line 6394.
Package hyperref Info: PDF/A mode OFF on input line 6399.
LaTeX Info: Redefining \ref on input line 6439.
LaTeX Info: Redefining \pageref on input line 6443.
\Hy@abspage=\count302
\c@Item=\count303
\c@Hfootnote=\count304
)
Package hyperref Info: Driver: hluatex.

(/usr/local/texlive/2017/texmf-dist/tex/latex/hyperref/hluatex.def
File: hluatex.def 2018/02/06 v6.86b Hyperref driver for luaTeX
\Fld@listcount=\count305
\c@bookmark@seq@number=\count306
\Hy@SectionHShift=\skip69
)
Package hyperref Info: Option `unicode' set `true' on input line 37.

(/usr/local/texlive/2017/texmf-dist/tex/latex/hyperref/puenc.def
File: puenc.def 2018/02/06 v6.86b Hyperref: PDF Unicode definition (HO)
)
Package hyperref Info: Option `colorlinks' set `true' on input line 37.
Package hyperref Info: Option `breaklinks' set `true' on input line 37.
Package hyperref Info: Option `bookmarksopen' set `true' on input line 37.
Package hyperref Info: Option `bookmarksnumbered' set `true' on input line 37.

(./ampli-classe-d.aux

LaTeX Warning: Label `fig:classeD' multiply defined.


LaTeX Warning: Label `fig:classeD' multiply defined.


LaTeX Warning: Label `fig:classeD' multiply defined.


LaTeX Warning: Label `fig:classeD' multiply defined.


LaTeX Warning: Label `fig:classeD' multiply defined.


LaTeX Warning: Label `fig:classeD' multiply defined.

)
\openout1 = ampli-classe-d.aux

LaTeX Font Info:    Checking defaults for OML/cmm/m/it on input line 47.
LaTeX Font Info:    ... okay on input line 47.
LaTeX Font Info:    Checking defaults for T1/cmr/m/n on input line 47.
LaTeX Font Info:    ... okay on input line 47.
LaTeX Font Info:    Checking defaults for OT1/cmr/m/n on input line 47.
LaTeX Font Info:    ... okay on input line 47.
LaTeX Font Info:    Checking defaults for OMS/cmsy/m/n on input line 47.
LaTeX Font Info:    ... okay on input line 47.
LaTeX Font Info:    Checking defaults for TU/lmr/m/n on input line 47.
LaTeX Font Info:    ... okay on input line 47.
LaTeX Font Info:    Checking defaults for OMX/cmex/m/n on input line 47.
LaTeX Font Info:    ... okay on input line 47.
LaTeX Font Info:    Checking defaults for U/cmr/m/n on input line 47.
LaTeX Font Info:    ... okay on input line 47.
LaTeX Font Info:    Checking defaults for PD1/pdf/m/n on input line 47.
LaTeX Font Info:    ... okay on input line 47.
LaTeX Font Info:    Checking defaults for PU/pdf/m/n on input line 47.
LaTeX Font Info:    ... okay on input line 47.
 (/usr/local/texlive/2017/texmf-dist/tex/context/base/mkii/supp-pdf.mkii
[Loading MPS to PDF converter (version 2006.09.02).]
\scratchcounter=\count307
\scratchdimen=\dimen194
\scratchbox=\box54
\nofMPsegments=\count308
\nofMParguments=\count309
\everyMPshowfont=\toks28
\MPscratchCnt=\count310
\MPscratchDim=\dimen195
\MPnumerator=\count311
\makeMPintoPDFobject=\count312
\everyMPtoPDFconversion=\toks29
) (/usr/local/texlive/2017/texmf-dist/tex/latex/oberdiek/epstopdf-base.sty
Package: epstopdf-base 2016/05/15 v2.6 Base part for package epstopdf

(/usr/local/texlive/2017/texmf-dist/tex/latex/oberdiek/grfext.sty
Package: grfext 2016/05/16 v1.2 Manage graphics extensions (HO)
)
Package epstopdf-base Info: Redefining graphics rule for `.eps' on input line 43
8.
Package grfext Info: Graphics extension search list:
(grfext)             [.pdf,.png,.jpg,.mps,.jpeg,.jbig2,.jb2,.PDF,.PNG,.JPG,.JPEG
,.JBIG2,.JB2,.eps]
(grfext)             \AppendGraphicsExtensions on input line 456.

(/usr/local/texlive/2017/texmf-dist/tex/latex/latexconfig/epstopdf-sys.cfg
File: epstopdf-sys.cfg 2010/07/13 v1.3 Configuration of (r)epstopdf for TeX Live

))
*geometry* driver: auto-detecting
*geometry* detected driver: pdftex
*geometry* verbose mode - [ preamble ] result:
* driver: pdftex
* paper: a4paper
* layout: <same size as paper>
* layoutoffset:(h,v)=(0.0pt,0.0pt)
* modes: 
* h-part:(L,W,R)=(74.68848pt, 448.1309pt, 74.68849pt)
* v-part:(T,H,B)=(50.70074pt, 718.29497pt, 76.05113pt)
* \paperwidth=597.50787pt
* \paperheight=845.04684pt
* \textwidth=448.1309pt
* \textheight=718.29497pt
* \oddsidemargin=2.41849pt
* \evensidemargin=2.41849pt
* \topmargin=-58.56924pt
* \headheight=12.0pt
* \headsep=25.0pt
* \topskip=10.0pt
* \footskip=30.0pt
* \marginparwidth=57.0pt
* \marginparsep=11.0pt
* \columnsep=10.0pt
* \skip\footins=9.0pt plus 4.0pt minus 2.0pt
* \hoffset=0.0pt
* \voffset=0.0pt
* \mag=1000
* \@twocolumnfalse
* \@twosidefalse
* \@mparswitchfalse
* \@reversemarginfalse
* (1in=72.27pt=25.4mm, 1cm=28.453pt)


(/usr/local/texlive/2017/texmf-dist/tex/latex/translator/translator-basic-dicti
onary-English.dict
Dictionary: translator-basic-dictionary, Language: English 
)
(/usr/local/texlive/2017/texmf-dist/tex/latex/siunitx/siunitx-abbreviations.cfg
File: siunitx-abbreviations.cfg 2017/11/26 v2.7k siunitx: Abbreviated units
)
Package caption Info: Begin \AtBeginDocument code.
Package caption Info: hyperref package is loaded.
Package caption Info: End \AtBeginDocument code.
\AtBeginShipoutBox=\box55
 (/usr/local/texlive/2017/texmf-dist/tex/latex/oberdiek/pdflscape.sty
Package: pdflscape 2016/05/14 v0.11 Display of landscape pages in PDF (HO)

(/usr/local/texlive/2017/texmf-dist/tex/latex/graphics/lscape.sty
Package: lscape 2000/10/22 v3.01 Landscape Pages (DPC)
)
Package pdflscape Info: Auto-detected driver: pdftex on input line 81.
)
LaTeX Info: Redefining \dots on input line 47.
LaTeX Info: Redefining \up on input line 47.
LaTeX Info: Redefining \microtypecontext on input line 47.
Package microtype Info: Generating PDF output.
Package microtype Info: Character protrusion enabled (level 2).
Package microtype Info: Using default protrusion set `alltext'.
Package microtype Info: Automatic font expansion enabled (level 2),
(microtype)             stretch: 20, shrink: 20, step: 1, non-selected.
Package microtype Info: Using default expansion set `basictext'.
Package microtype Info: No adjustment of tracking.
Package microtype Info: No adjustment of spacing.
Package microtype Info: No adjustment of kerning.

(/usr/local/texlive/2017/texmf-dist/tex/latex/microtype/mt-LatinModernRoman.cfg
File: mt-LatinModernRoman.cfg 2013/03/13 v1.0 microtype config. file: Latin Mode
rn Roman (RS)
)
Package hyperref Info: Link coloring ON on input line 47.
 (/usr/local/texlive/2017/texmf-dist/tex/latex/hyperref/nameref.sty
Package: nameref 2016/05/21 v2.44 Cross-referencing by name of section

(/usr/local/texlive/2017/texmf-dist/tex/generic/oberdiek/gettitlestring.sty
Package: gettitlestring 2016/05/16 v1.5 Cleanup title references (HO)
)
\c@section@level=\count313
)
LaTeX Info: Redefining \ref on input line 47.
LaTeX Info: Redefining \pageref on input line 47.
LaTeX Info: Redefining \nameref on input line 47.

(./ampli-classe-d.out) (./ampli-classe-d.out)
\@outlinefile=\write3

\openout3 = ampli-classe-d.out
\c__siunitx_mathsf_int=\count314
LaTeX Font Info:    Try loading font information for OT1+lmr on input line 47.

(/usr/local/texlive/2017/texmf-dist/tex/latex/lm/ot1lmr.fd
File: ot1lmr.fd 2009/10/30 v1.6 Font defs for Latin Modern
)
Package microtype Info: Loading generic protrusion settings for font family
(microtype)             `lmr' (encoding: OT1).
(microtype)             For optimal results, create family-specific settings.
(microtype)             See the microtype manual for details.
LaTeX Font Info:    Try loading font information for OML+lmm on input line 47.

(/usr/local/texlive/2017/texmf-dist/tex/latex/lm/omllmm.fd
File: omllmm.fd 2009/10/30 v1.6 Font defs for Latin Modern
)
LaTeX Font Info:    Try loading font information for OMS+lmsy on input line 47.

(/usr/local/texlive/2017/texmf-dist/tex/latex/lm/omslmsy.fd
File: omslmsy.fd 2009/10/30 v1.6 Font defs for Latin Modern
)
LaTeX Font Info:    Try loading font information for OMX+lmex on input line 47.

(/usr/local/texlive/2017/texmf-dist/tex/latex/lm/omxlmex.fd
File: omxlmex.fd 2009/10/30 v1.6 Font defs for Latin Modern
)
LaTeX Font Info:    External font `lmex10' loaded for size
(Font)              <10> on input line 47.
LaTeX Font Info:    External font `lmex10' loaded for size
(Font)              <7> on input line 47.
LaTeX Font Info:    External font `lmex10' loaded for size
(Font)              <5> on input line 47.
LaTeX Font Info:    Try loading font information for OT1+lmss on input line 47.

(/usr/local/texlive/2017/texmf-dist/tex/latex/lm/ot1lmss.fd
File: ot1lmss.fd 2009/10/30 v1.6 Font defs for Latin Modern
)
Package microtype Info: Loading generic protrusion settings for font family
(microtype)             `lmss' (encoding: OT1).
(microtype)             For optimal results, create family-specific settings.
(microtype)             See the microtype manual for details.
\c__siunitx_mathtt_int=\count315
LaTeX Font Info:    Try loading font information for OT1+lmtt on input line 47.

(/usr/local/texlive/2017/texmf-dist/tex/latex/lm/ot1lmtt.fd
File: ot1lmtt.fd 2009/10/30 v1.6 Font defs for Latin Modern
)
Package microtype Info: Loading generic protrusion settings for font family
(microtype)             `lmtt' (encoding: OT1).
(microtype)             For optimal results, create family-specific settings.
(microtype)             See the microtype manual for details.
(load luc: /Users/AnizetThomas/Library/texlive/2017/texmf-var/luatex-cache/gener
ic/fonts/otl/lmroman17-regular.luc)(load luc: /Users/AnizetThomas/Library/texliv
e/2017/texmf-var/luatex-cache/generic/fonts/otl/lmroman12-bold.luc)
Package microtype Info: Loading generic protrusion settings for font family
(microtype)             `Arial' (encoding: TU).
(microtype)             For optimal results, create family-specific settings.
(microtype)             See the microtype manual for details.
(load luc: /Users/AnizetThomas/Library/texlive/2017/texmf-var/luatex-cache/gener
ic/fonts/otl/lmroman12-regular.luc)
LaTeX Font Info:    External font `lmex10' loaded for size
(Font)              <12> on input line 71.
LaTeX Font Info:    External font `lmex10' loaded for size
(Font)              <8> on input line 71.
LaTeX Font Info:    External font `lmex10' loaded for size
(Font)              <6> on input line 71.
(load luc: /Users/AnizetThomas/Library/texlive/2017/texmf-var/luatex-cache/gener
ic/fonts/otl/lmromancaps10-regular.luc) [1

{/usr/local/texlive/2017/texmf-var/fonts/map/pdftex/updmap/pdftex.map}] (./ampl
i-classe-d.toc)
\tf@toc=\write4

\openout4 = ampli-classe-d.toc
 [2] [3]
Package epstopdf Info: Source file: <eps/sigma-delta.eps>
(epstopdf)                    date: 2018-03-15 14:16:31
(epstopdf)                    size: 11470 bytes
(epstopdf)             Output file: <eps/sigma-delta-eps-converted-to.pdf>
(epstopdf)                    date: 2018-03-15 14:16:31
(epstopdf)                    size: 29026 bytes
(epstopdf)             Command: <repstopdf --outfile=eps/sigma-delta-eps-convert
ed-to.pdf eps/sigma-delta.eps>
(epstopdf)             \includegraphics on input line 147.
Package epstopdf Info: Output file is already uptodate.
<eps/sigma-delta-eps-converted-to.pdf, id=145, 2993.1825pt x 1042.89626pt>
File: eps/sigma-delta-eps-converted-to.pdf Graphic file (type pdf)
<use eps/sigma-delta-eps-converted-to.pdf>
Package luatex.def Info: eps/sigma-delta-eps-converted-to.pdf  used on input lin
e 147.
(luatex.def)             Requested size: 313.69026pt x 109.29251pt.
(load luc: /Users/AnizetThomas/Library/texlive/2017/texmf-var/luatex-cache/gener
ic/fonts/otl/lmroman7-regular.luc)(load luc: /Users/AnizetThomas/Library/texlive
/2017/texmf-var/luatex-cache/generic/fonts/otl/lmroman5-regular.luc)
Package epstopdf Info: Source file: <eps/classe-d.eps>
(epstopdf)                    date: 2018-03-15 14:16:31
(epstopdf)                    size: 41153 bytes
(epstopdf)             Output file: <eps/classe-d-eps-converted-to.pdf>
(epstopdf)                    date: 2018-03-15 14:16:31
(epstopdf)                    size: 17061 bytes
(epstopdf)             Command: <repstopdf --outfile=eps/classe-d-eps-converted-
to.pdf eps/classe-d.eps>
(epstopdf)             \includegraphics on input line 177.
Package epstopdf Info: Output file is already uptodate.
<eps/classe-d-eps-converted-to.pdf, id=151, 534.99875pt x 326.21875pt>
File: eps/classe-d-eps-converted-to.pdf Graphic file (type pdf)
<use eps/classe-d-eps-converted-to.pdf>
Package luatex.def Info: eps/classe-d-eps-converted-to.pdf  used on input line 1
77.
(luatex.def)             Requested size: 224.06544pt x 136.62766pt.
 [4<./eps/sigma-delta-eps-converted-to.pdf><./eps/classe-d-eps-converted-to.pdf>
](load luc: /Users/AnizetThomas/Library/texlive/2017/texmf-var/luatex-cache/gene
ric/fonts/otl/lmroman10-bolditalic.luc)
<eps/Schematique_All.jpg, id=177, 376.40625pt x 164.615pt>
File: eps/Schematique_All.jpg Graphic file (type jpg)
<use eps/Schematique_All.jpg>
Package luatex.def Info: eps/Schematique_All.jpg  used on input line 222.
(luatex.def)             Requested size: 224.06544pt x 97.9936pt.
File: eps/Schematique_All.jpg Graphic file (type jpg)
<use eps/Schematique_All.jpg>
Package luatex.def Info: eps/Schematique_All.jpg  used on input line 230.
(luatex.def)             Requested size: 224.06544pt x 97.9936pt.
File: eps/Schematique_All.jpg Graphic file (type jpg)
<use eps/Schematique_All.jpg>
Package luatex.def Info: eps/Schematique_All.jpg  used on input line 240.
(luatex.def)             Requested size: 225.84547pt x 98.76976pt.

Overfull \hbox (19.70226pt too wide) in paragraph at lines 240--241
[][] 
 []

File: eps/Schematique_All.jpg Graphic file (type jpg)
<use eps/Schematique_All.jpg>
Package luatex.def Info: eps/Schematique_All.jpg  used on input line 244.
(luatex.def)             Requested size: 225.84547pt x 98.76976pt.

Overfull \hbox (19.70226pt too wide) in paragraph at lines 244--245
[][] 
 []

[5] [6<./eps/Schematique_All.jpg>]
<eps/Tableau_Filtres.jpg, id=192, 668.4975pt x 60.225pt>
File: eps/Tableau_Filtres.jpg Graphic file (type jpg)
<use eps/Tableau_Filtres.jpg>
Package luatex.def Info: eps/Tableau_Filtres.jpg  used on input line 289.
(luatex.def)             Requested size: 434.51822pt x 39.14577pt.
<eps/Resultat_filtres.jpg, id=193, 798.985pt x 446.66875pt>
File: eps/Resultat_filtres.jpg Graphic file (type jpg)
<use eps/Resultat_filtres.jpg>
Package luatex.def Info: eps/Resultat_filtres.jpg  used on input line 304.
(luatex.def)             Requested size: 455.42618pt x 254.60382pt.

Overfull \hbox (7.29527pt too wide) in paragraph at lines 304--305
 [][] 
 []

[7<./eps/Tableau_Filtres.jpg>]
Package epstopdf Info: Source file: <eps/Bode_Filtres.eps>
(epstopdf)                    date: 2018-04-14 23:25:48
(epstopdf)                    size: 54337 bytes
(epstopdf)             Output file: <eps/Bode_Filtres-eps-converted-to.pdf>
(epstopdf)                    date: 2018-04-14 23:28:56
(epstopdf)                    size: 14031 bytes
(epstopdf)             Command: <repstopdf --outfile=eps/Bode_Filtres-eps-conver
ted-to.pdf eps/Bode_Filtres.eps>
(epstopdf)             \includegraphics on input line 312.
Package epstopdf Info: Output file is already uptodate.
<eps/Bode_Filtres-eps-converted-to.pdf, id=211, 1445.4pt x 739.76375pt>
File: eps/Bode_Filtres-eps-converted-to.pdf Graphic file (type pdf)
<use eps/Bode_Filtres-eps-converted-to.pdf>
Package luatex.def Info: eps/Bode_Filtres-eps-converted-to.pdf  used on input li
ne 312.
(luatex.def)             Requested size: 448.1309pt x 229.35825pt.
 [8<./eps/Resultat_filtres.jpg>](load luc: /Users/AnizetThomas/Library/texlive/2
017/texmf-var/luatex-cache/generic/fonts/otl/lmmono10-regular.luc)
Package microtype Info: Loading generic protrusion settings for font family
(microtype)             `lmtt' (encoding: TU).
(microtype)             For optimal results, create family-specific settings.
(microtype)             See the microtype manual for details.
(load luc: /Users/AnizetThomas/Library/texlive/2017/texmf-var/luatex-cache/gener
ic/fonts/otl/lmroman9-regular.luc)
LaTeX Font Info:    External font `lmex10' loaded for size
(Font)              <9> on input line 360.
 [9<./eps/Bode_Filtres-eps-converted-to.pdf>] (./ampli-classe-d.bbl (./ampli-cl
asse-d.brf)
\tf@brf=\write5

\openout5 = ampli-classe-d.brf

Underfull \hbox (badness 10000) in paragraph at lines 18--18
[][][]$\TU/lmr/m/n/9 https://www.infineon.com/cms/en/product/power/mosfet/20v-[
]300v-[]n-[]channel-[]power-[]mosfet/
 []

)
<pdf/DIDACTRL.pdf, id=245, 597.23125pt x 845.1575pt>
File: pdf/DIDACTRL.pdf Graphic file (type pdf)
<use pdf/DIDACTRL.pdf>
Package luatex.def Info: pdf/DIDACTRL.pdf  used on input line 375.
(luatex.def)             Requested size: 597.22978pt x 845.15544pt.
File: pdf/DIDACTRL.pdf Graphic file (type pdf)
<use pdf/DIDACTRL.pdf>
Package luatex.def Info: pdf/DIDACTRL.pdf  used on input line 375.
(luatex.def)             Requested size: 597.22978pt x 845.15544pt.
<pdf/DIDACTRL.pdf, id=248, page=1, 597.23125pt x 845.1575pt>
File: pdf/DIDACTRL.pdf Graphic file (type pdf)
<use pdf/DIDACTRL.pdf, page 1>
Package luatex.def Info: pdf/DIDACTRL.pdf , page1 used on input line 375.
(luatex.def)             Requested size: 597.22978pt x 845.15544pt.
File: pdf/DIDACTRL.pdf Graphic file (type pdf)
<use pdf/DIDACTRL.pdf, page 1>
Package luatex.def Info: pdf/DIDACTRL.pdf , page1 used on input line 375.
(luatex.def)             Requested size: 597.25711pt x 845.19412pt.
 [10]
File: pdf/DIDACTRL.pdf Graphic file (type pdf)
<use pdf/DIDACTRL.pdf, page 1>
Package luatex.def Info: pdf/DIDACTRL.pdf , page1 used on input line 375.
(luatex.def)             Requested size: 597.25711pt x 845.19412pt.
File: pdf/DIDACTRL.pdf Graphic file (type pdf)
<use pdf/DIDACTRL.pdf, page 1>
Package luatex.def Info: pdf/DIDACTRL.pdf , page1 used on input line 375.
(luatex.def)             Requested size: 597.25711pt x 845.19412pt.
File: pdf/DIDACTRL.pdf Graphic file (type pdf)
<use pdf/DIDACTRL.pdf, page 1>
Package luatex.def Info: pdf/DIDACTRL.pdf , page1 used on input line 375.
(luatex.def)             Requested size: 597.25711pt x 845.19412pt.
 [11<./pdf/DIDACTRL.pdf>]
<pdf/DIDAMOS.pdf, id=267, 597.23125pt x 845.1575pt>
File: pdf/DIDAMOS.pdf Graphic file (type pdf)
<use pdf/DIDAMOS.pdf>
Package luatex.def Info: pdf/DIDAMOS.pdf  used on input line 376.
(luatex.def)             Requested size: 597.22978pt x 845.15544pt.
File: pdf/DIDAMOS.pdf Graphic file (type pdf)
<use pdf/DIDAMOS.pdf>
Package luatex.def Info: pdf/DIDAMOS.pdf  used on input line 376.
(luatex.def)             Requested size: 597.22978pt x 845.15544pt.
<pdf/DIDAMOS.pdf, id=270, page=1, 597.23125pt x 845.1575pt>
File: pdf/DIDAMOS.pdf Graphic file (type pdf)
<use pdf/DIDAMOS.pdf, page 1>
Package luatex.def Info: pdf/DIDAMOS.pdf , page1 used on input line 376.
(luatex.def)             Requested size: 597.22978pt x 845.15544pt.
File: pdf/DIDAMOS.pdf Graphic file (type pdf)
<use pdf/DIDAMOS.pdf, page 1>
Package luatex.def Info: pdf/DIDAMOS.pdf , page1 used on input line 376.
(luatex.def)             Requested size: 597.25711pt x 845.19412pt.
File: pdf/DIDAMOS.pdf Graphic file (type pdf)
<use pdf/DIDAMOS.pdf, page 1>
Package luatex.def Info: pdf/DIDAMOS.pdf , page1 used on input line 376.
(luatex.def)             Requested size: 597.25711pt x 845.19412pt.
File: pdf/DIDAMOS.pdf Graphic file (type pdf)
<use pdf/DIDAMOS.pdf, page 1>
Package luatex.def Info: pdf/DIDAMOS.pdf , page1 used on input line 376.
(luatex.def)             Requested size: 597.25711pt x 845.19412pt.
File: pdf/DIDAMOS.pdf Graphic file (type pdf)
<use pdf/DIDAMOS.pdf, page 1>
Package luatex.def Info: pdf/DIDAMOS.pdf , page1 used on input line 376.
(luatex.def)             Requested size: 597.25711pt x 845.19412pt.
 [12<./pdf/DIDAMOS.pdf>]
<pdf/DIDAMO2.pdf, id=280, 597.23125pt x 845.1575pt>
File: pdf/DIDAMO2.pdf Graphic file (type pdf)
<use pdf/DIDAMO2.pdf>
Package luatex.def Info: pdf/DIDAMO2.pdf  used on input line 377.
(luatex.def)             Requested size: 597.22978pt x 845.15544pt.
File: pdf/DIDAMO2.pdf Graphic file (type pdf)
<use pdf/DIDAMO2.pdf>
Package luatex.def Info: pdf/DIDAMO2.pdf  used on input line 377.
(luatex.def)             Requested size: 597.22978pt x 845.15544pt.
<pdf/DIDAMO2.pdf, id=283, page=1, 597.23125pt x 845.1575pt>
File: pdf/DIDAMO2.pdf Graphic file (type pdf)
<use pdf/DIDAMO2.pdf, page 1>
Package luatex.def Info: pdf/DIDAMO2.pdf , page1 used on input line 377.
(luatex.def)             Requested size: 597.22978pt x 845.15544pt.
File: pdf/DIDAMO2.pdf Graphic file (type pdf)
<use pdf/DIDAMO2.pdf, page 1>
Package luatex.def Info: pdf/DIDAMO2.pdf , page1 used on input line 377.
(luatex.def)             Requested size: 597.25711pt x 845.19412pt.
File: pdf/DIDAMO2.pdf Graphic file (type pdf)
<use pdf/DIDAMO2.pdf, page 1>
Package luatex.def Info: pdf/DIDAMO2.pdf , page1 used on input line 377.
(luatex.def)             Requested size: 597.25711pt x 845.19412pt.
File: pdf/DIDAMO2.pdf Graphic file (type pdf)
<use pdf/DIDAMO2.pdf, page 1>
Package luatex.def Info: pdf/DIDAMO2.pdf , page1 used on input line 377.
(luatex.def)             Requested size: 597.25711pt x 845.19412pt.
File: pdf/DIDAMO2.pdf Graphic file (type pdf)
<use pdf/DIDAMO2.pdf, page 1>
Package luatex.def Info: pdf/DIDAMO2.pdf , page1 used on input line 377.
(luatex.def)             Requested size: 597.25711pt x 845.19412pt.
 [13<./pdf/DIDAMO2.pdf>]
Package atveryend Info: Empty hook `BeforeClearDocument' on input line 379.
Package atveryend Info: Empty hook `AfterLastShipout' on input line 379.
(./ampli-classe-d.aux)
Package atveryend Info: Executing hook `AtVeryEndDocument' on input line 379.
Package atveryend Info: Executing hook `AtEndAfterFileList' on input line 379.
Package rerunfilecheck Info: File `ampli-classe-d.out' has not changed.
(rerunfilecheck)             Checksum: 1E15637DF6D69226EFF6CF6DE082843D;3688.
Package rerunfilecheck Info: File `ampli-classe-d.brf' has not changed.
(rerunfilecheck)             Checksum: D6F5CE4FC2E49029BA56733BA56BA909;336.


LaTeX Warning: There were multiply-defined labels.

Package atveryend Info: Empty hook `AtVeryVeryEnd' on input line 379.
)

Here is how much of LuaTeX's memory you used:
 27776 strings out of 494480
 156263,794899 words of node,token memory allocated
 108862 words of node memory still in use:
   7 hlist, 2 vlist, 2 rule, 111 glue, 1 kern, 1 penalty, 17196 glyph, 1880 attr
ibute, 67 glue_spec, 315 attribute_list, 1 write, 2 pdf_action nodes
   avail lists: 2:1429,3:235,4:95,5:254,6:1223,7:950,8:163,9:248,10:15,11:474
 30891 multiletter control sequences out of 65536+600000
 83 fonts using 14767711 bytes
 39i,18n,67p,803b,941s stack positions out of 5000i,500n,10000p,200000b,100000s
</usr/local/texlive/2017/texmf-dist/fonts/opentype/public/lm/lmroman9-regular.ot
f></usr/local/texlive/2017/texmf-dist/fonts/opentype/public/lm/lmmono10-regular.
otf>{/usr/local/texlive/2017/texmf-dist/fonts/enc/dvips/lm/lm-mathit.enc}{/usr/l
ocal/texlive/2017/texmf-dist/fonts/enc/dvips/lm/lm-rm.enc}{/usr/local/texlive/20
17/texmf-dist/fonts/enc/dvips/lm/lm-mathsy.enc}</usr/local/texlive/2017/texmf-di
st/fonts/opentype/public/lm/lmroman10-bolditalic.otf></usr/local/texlive/2017/te
xmf-dist/fonts/opentype/public/lm/lmroman10-italic.otf></usr/local/texlive/2017/
texmf-dist/fonts/opentype/public/lm/lmroman7-regular.otf></usr/local/texlive/201
7/texmf-dist/fonts/opentype/public/lm/lmroman10-bold.otf></usr/local/texlive/201
7/texmf-dist/fonts/opentype/public/lm/lmroman10-regular.otf></usr/local/texlive/
2017/texmf-dist/fonts/opentype/public/lm/lmromancaps10-regular.otf></usr/local/t
exlive/2017/texmf-dist/fonts/opentype/public/lm/lmroman12-regular.otf></Library/
Fonts/Microsoft/Arial.ttf></Library/Fonts/Microsoft/Arial Bold.ttf></usr/local/t
exlive/2017/texmf-dist/fonts/type1/public/lm/lmmi10.pfb></usr/local/texlive/2017
/texmf-dist/fonts/type1/public/lm/lmmi5.pfb></usr/local/texlive/2017/texmf-dist/
fonts/type1/public/lm/lmmi7.pfb></usr/local/texlive/2017/texmf-dist/fonts/type1/
public/lm/lmr10.pfb></usr/local/texlive/2017/texmf-dist/fonts/type1/public/lm/lm
r5.pfb></usr/local/texlive/2017/texmf-dist/fonts/type1/public/lm/lmr7.pfb></usr/
local/texlive/2017/texmf-dist/fonts/type1/public/lm/lmsy10.pfb></usr/local/texli
ve/2017/texmf-dist/fonts/type1/public/lm/lmsy7.pfb>
Output written on ampli-classe-d.pdf (13 pages, 700601 bytes).

PDF statistics: 396 PDF objects out of 1000 (max. 8388607)
 311 compressed objects within 4 object streams
 57 named destinations out of 1000 (max. 131072)
 177 words of extra memory for PDF output out of 10000 (max. 100000000)

