\BOOKMARK [1][]{sec:intro.1}{\376\377\000I\000n\000t\000r\000o\000d\000u\000c\000t\000i\000o\000n}{}% 1
\BOOKMARK [1][]{section.1}{\376\377\0001\000\040\000H\000y\000p\000o\000t\000h\000\350\000s\000e\000s\000\040\000c\000o\000n\000s\000i\000d\000\351\000r\000\351\000e\000s}{}% 2
\BOOKMARK [1][]{section.2}{\376\377\0002\000\040\000P\000r\000i\000n\000c\000i\000p\000e\000s\000\040\000e\000x\000p\000l\000o\000i\000t\000\351\000s}{}% 3
\BOOKMARK [2][]{subsection.2.1}{\376\377\0002\000.\0001\000\040\000M\000o\000d\000u\000l\000a\000t\000i\000o\000n\000\040\000S\000i\000g\000m\000a\000-\000D\000e\000l\000t\000a}{section.2}% 4
\BOOKMARK [2][]{subsection.2.2}{\376\377\0002\000.\0002\000\040\000A\000m\000p\000l\000i\000f\000i\000c\000a\000t\000e\000u\000r\000\040\000d\000e\000\040\000c\000l\000a\000s\000s\000e\000\040\000D}{section.2}% 5
\BOOKMARK [1][]{section.3}{\376\377\0003\000\040\000S\000c\000h\000\351\000m\000a\000t\000i\000q\000u\000e\000\040\000d\000u\000\040\000c\000i\000r\000c\000u\000i\000t}{}% 6
\BOOKMARK [1][]{section.4}{\376\377\0004\000\040\000D\000i\000m\000e\000n\000s\000i\000o\000n\000n\000e\000m\000e\000n\000t}{}% 7
\BOOKMARK [2][]{subsection.4.1}{\376\377\0004\000.\0001\000\040\000F\000i\000l\000t\000r\000e\000\040\000p\000r\000\351\000-\000a\000m\000p\000l\000i\000f\000i\000c\000a\000t\000i\000o\000n}{section.4}% 8
\BOOKMARK [3][]{subsubsection.4.1.1}{\376\377\0004\000.\0001\000.\0001\000\040\000D\000\351\000f\000i\000n\000i\000t\000i\000o\000n\000s}{subsection.4.1}% 9
\BOOKMARK [3][]{subsubsection.4.1.2}{\376\377\0004\000.\0001\000.\0002\000\040\000C\000i\000r\000c\000u\000i\000t\000s\000\040\000s\000c\000h\000\351\000m\000a\000t\000i\000q\000u\000e\000s}{subsection.4.1}% 10
\BOOKMARK [3][]{subsubsection.4.1.3}{\376\377\0004\000.\0001\000.\0003\000\040\000\311\000t\000u\000d\000e\000\040\000t\000h\000\351\000o\000r\000i\000q\000u\000e}{subsection.4.1}% 11
\BOOKMARK [3][]{subsubsection.4.1.4}{\376\377\0004\000.\0001\000.\0004\000\040\000\311\000t\000u\000d\000e\000\040\000p\000r\000a\000t\000i\000q\000u\000e}{subsection.4.1}% 12
\BOOKMARK [2][]{subsection.4.2}{\376\377\0004\000.\0002\000\040\000F\000i\000l\000t\000r\000e\000\040\000R\000C}{section.4}% 13
\BOOKMARK [2][]{subsection.4.3}{\376\377\0004\000.\0003\000\040\000C\000o\000n\000s\000t\000a\000n\000t\000e\000\040\000d\000e\000\040\000t\000e\000m\000p\000s\000\040\000d\000u\000\040\000S\000i\000g\000m\000a\000-\000D\000e\000l\000t\000a}{section.4}% 14
\BOOKMARK [1][]{section.5}{\376\377\0005\000\040\000A\000n\000a\000l\000y\000s\000e\000\040\000d\000u\000\040\000c\000i\000r\000c\000u\000i\000t}{}% 15
\BOOKMARK [2][]{subsection.5.1}{\376\377\0005\000.\0001\000\040\000D\000\351\000f\000a\000u\000t\000\040\000d\000e\000\040\000f\000a\000b\000r\000i\000c\000a\000t\000i\000o\000n}{section.5}% 16
\BOOKMARK [1][]{sec:conclusion.1}{\376\377\000C\000o\000n\000c\000l\000u\000s\000i\000o\000n}{}% 17
\BOOKMARK [1][]{sec:credits.1}{\376\377\000C\000r\000\351\000d\000i\000t\000s}{}% 18
\BOOKMARK [1][]{sec:references.1}{\376\377\000R\000\351\000f\000\351\000r\000e\000n\000c\000e\000s}{}% 19
\BOOKMARK [1][]{appendix.A}{\376\377\000A\000\040\000S\000c\000h\000\351\000m\000a\000\040\000d\000u\000\040\000c\000i\000r\000c\000u\000i\000t\000\040\000D\000I\000D\000A\000C\000T\000R\000L}{}% 20
\BOOKMARK [1][]{appendix.B}{\376\377\000B\000\040\000S\000c\000h\000\351\000m\000a\000\040\000d\000u\000\040\000c\000i\000r\000c\000u\000i\000t\000\040\000D\000I\000D\000A\000M\000O\000S}{}% 21
\BOOKMARK [1][]{appendix.C}{\376\377\000C\000\040\000S\000c\000h\000\351\000m\000a\000\040\000d\000u\000\040\000c\000i\000r\000c\000u\000i\000t\000\040\000D\000I\000D\000A\000M\000O\0002}{}% 22
